25.451981
26.851406
23.169043
26.302988
22.231514
21.172674
18.516647
23.435926
26.959442
16.646626
24.014099
28.523209
29.959259
18.869137
25.659353
22.697531
22.945646
29.853970
18.448439
25.374157
16.970276
26.063572
21.640522
20.326242
18.559221
16.870022
17.762230
20.545519
24.518112
17.022461
29.575642
19.222084
28.361614
29.226814
16.715752
16.690573
23.845638
20.420546
16.235085
20.690634
28.571735
17.851498
28.755302
29.778437
23.119144
23.536180
29.452499
17.235329
23.691826
23.206123
25.602589
15.325022
18.735924
28.328655
29.892879
17.226173
17.499924
22.296518
21.221199
21.502274
16.009857
19.384136
17.211983
26.441238
23.422194
17.559435
15.153356
29.113285
29.228645
23.744469
15.582751
16.486404
24.277779
22.626118
20.238808
18.450727
16.085848
22.601398
23.595692
15.086978
16.400799
19.956818
24.700768
23.028503
16.493271
29.874569
18.534960
18.257545
18.138523
25.354473
23.612171
20.183416
15.762657
22.657248
15.035249
24.341869
27.718437
19.348431
29.736778
18.559221
27.162237
23.545794
28.106632
24.933317
20.496536
15.460982
18.742790
27.460709
18.853115
19.832760
15.534226
27.668081
15.578631
25.338909
18.792688
28.082829
15.197760
19.586018
24.661398
20.889767
16.816462
25.768761
29.509262
21.618092
27.441940
19.594257
18.536791
15.197760
23.177740
17.561266
25.312359
19.237648
23.773766
20.193945
26.445358
26.860561
18.491928
26.316265
28.137760
18.944212
28.758965
26.968140
18.807337
18.110142
15.574511
15.054018
24.524063
29.304180
22.147282
24.318066
16.458937
19.310892
19.718773
23.733940
27.079838
20.052492
27.056948
25.916624
29.302805
28.002716
16.570635
25.634632
25.321056
24.573963
27.533953
22.028261
19.334240
29.815517
29.371471
25.619984
20.887478
19.258247
15.483871
18.712120
23.047731
21.266975
20.581226
25.273903
27.132481
29.729454
16.983551
18.893398
28.209175
19.428541
27.875454
19.912870
18.085880
28.952606
22.961212
20.313883
25.011597
28.467361
24.512619
27.472610
21.798456
17.213814
19.256416
15.355693
21.601154
23.064211
29.085361
29.269386
28.051699
28.977325
26.054415
22.740562
23.981140
23.709679
29.636066
17.636341
25.448776
21.612141
26.694389
16.104160
25.285807
23.867611
22.157812
15.436720
17.883083
21.001923
25.852077
19.445936
19.436781
24.022339
28.462784
22.449417
20.373394
29.021729
27.099522
24.452652
24.167913
22.592243
18.427839
23.630482
19.280678
22.895290
19.838253
29.696037
23.427687
23.727074
21.619007
29.250618
16.899319
16.426893
20.607777
21.710564
24.158300
16.973022
23.283487
26.906340
25.419477
18.104191
18.769798
17.940306
17.445448
18.816950
19.722435
25.407576
25.267494
21.078831
21.564989
21.563158
24.049349
26.103397
23.039034
25.538042
22.822504
25.024872
18.548693
23.190559
29.301889
16.328470
15.254982
22.692953
27.503738
29.865871
15.398725
19.441816
17.388226
24.807886
16.812342
26.390881
23.238167
16.381115
17.098911
18.393047
29.999084
28.719597
29.439682
21.658377
24.297464
18.688314
20.497910
16.901608
24.354687
28.020111
18.399456
22.295603
20.514847
18.596760
16.241493
24.805597
25.610371
23.240913
24.112522
21.009705
21.874447
21.838741
15.083774
15.996124
18.632008
25.154423
28.148746
16.426893
22.475510
16.173285
23.568226
16.369671
29.150824
21.315958
23.602558
26.982330
18.872799
21.369976
29.088108
28.650930
19.286631
19.483475
19.835964
16.675467
22.792292
21.061892
24.317608
19.089787
17.454603
17.910551
26.602375
17.714622
23.218483
16.475876
26.024200
26.040224
17.639545
22.513046
17.540209
15.022889
17.861568
22.040163
28.249458
15.403760
23.049562
20.912199
23.045443
27.627338
23.998077
17.862484
24.867397
22.960754
24.142735
18.354595
22.518082
26.918699
23.681295
24.087803
26.520432
28.562580
16.030457
15.502182
25.980713
21.791590
23.336132
27.125614
26.925108
27.208931
25.254219
18.103275
15.078280
25.653400
17.721031
27.759636
23.558153
26.998810
25.936768
18.532213
28.446762
25.310986
23.269753
16.123844
17.713707
18.951994
15.312204
24.211403
16.458479
26.734673
15.802485
23.562273
23.937651
23.709679
23.625904
27.899715
20.346844
27.691887
27.622303
26.355633
28.834957
20.106968
28.412886
24.863277
15.698568
22.261726
28.971375
16.328012
19.254128
25.625477
28.149204
16.919462
20.326242
22.220070
28.879360
28.330944
19.846951
28.713188
20.280006
18.351391
16.515701
20.301523
20.371563
19.591511
20.000305
27.988068
18.624226
18.704336
17.644123
15.336009
25.063786
20.950651
15.145116
